<?xml version="1.0" encoding="UTF-8"?>
<testsuite name="com.springbootaws.web.IndexControllerTest" tests="1" skipped="0" failures="0" errors="0" timestamp="2022-08-12T06:58:24" hostname="김진한" time="0.406">
  <properties/>
  <testcase name="index_AccessMainPage_Success" classname="com.springbootaws.web.IndexControllerTest" time="0.406"/>
  <system-out><![CDATA[2022-08-12 15:58:19.820  INFO 1004 --- [    Test worker] .b.t.c.SpringBootTestContextBootstrapper : Neither @ContextConfiguration nor @ContextHierarchy found for test class [com.springbootaws.web.IndexControllerTest], using SpringBootContextLoader
2022-08-12 15:58:19.823  INFO 1004 --- [    Test worker] o.s.t.c.support.AbstractContextLoader    : Could not detect default resource locations for test class [com.springbootaws.web.IndexControllerTest]: no resource found for suffixes {-context.xml, Context.groovy}.
2022-08-12 15:58:19.823  INFO 1004 --- [    Test worker] t.c.s.AnnotationConfigContextLoaderUtils : Could not detect default configuration classes for test class [com.springbootaws.web.IndexControllerTest]: IndexControllerTest does not declare any static, non-private, non-final, nested classes annotated with @Configuration.
2022-08-12 15:58:19.844  INFO 1004 --- [    Test worker] .b.t.c.SpringBootTestContextBootstrapper : Found @SpringBootConfiguration com.springbootaws.Application for test class com.springbootaws.web.IndexControllerTest
2022-08-12 15:58:19.849  INFO 1004 --- [    Test worker] .b.t.c.SpringBootTestContextBootstrapper : Loaded default TestExecutionListener class names from location [META-INF/spring.factories]: [org.springframework.security.test.context.support.WithSecurityContextTestExecutionListener, org.springframework.security.test.context.support.ReactorContextTestExecutionListener, org.springframework.boot.test.autoconfigure.restdocs.RestDocsTestExecutionListener, org.springframework.boot.test.autoconfigure.web.client.MockRestServiceServerResetTestExecutionListener, org.springframework.boot.test.autoconfigure.web.servlet.MockMvcPrintOnlyOnFailureTestExecutionListener, org.springframework.boot.test.autoconfigure.web.servlet.WebDriverTestExecutionListener, org.springframework.boot.test.mock.mockito.MockitoTestExecutionListener, org.springframework.boot.test.mock.mockito.ResetMocksTestExecutionListener, org.springframework.test.context.web.ServletTestExecutionListener, org.springframework.test.context.support.DirtiesContextBeforeModesTestExecutionListener, org.springframework.test.context.support.DependencyInjectionTestExecutionListener, org.springframework.test.context.support.DirtiesContextTestExecutionListener, org.springframework.test.context.transaction.TransactionalTestExecutionListener, org.springframework.test.context.jdbc.SqlScriptsTestExecutionListener]
2022-08-12 15:58:19.851  INFO 1004 --- [    Test worker] .b.t.c.SpringBootTestContextBootstrapper : Using TestExecutionListeners: [org.springframework.test.context.web.ServletTestExecutionListener@4924ad09, org.springframework.test.context.support.DirtiesContextBeforeModesTestExecutionListener@7e9d171c, org.springframework.boot.test.mock.mockito.MockitoTestExecutionListener@3a1540be, org.springframework.boot.test.autoconfigure.SpringBootDependencyInjectionTestExecutionListener@6aff157e, org.springframework.test.context.support.DirtiesContextTestExecutionListener@65fa1cd, org.springframework.test.context.transaction.TransactionalTestExecutionListener@106c73ed, org.springframework.test.context.jdbc.SqlScriptsTestExecutionListener@6cd1ee, org.springframework.security.test.context.support.WithSecurityContextTestExecutionListener@122a6078, org.springframework.security.test.context.support.ReactorContextTestExecutionListener@6980fa39, org.springframework.boot.test.autoconfigure.restdocs.RestDocsTestExecutionListener@1a000fff, org.springframework.boot.test.autoconfigure.web.client.MockRestServiceServerResetTestExecutionListener@7c855ef0, org.springframework.boot.test.autoconfigure.web.servlet.MockMvcPrintOnlyOnFailureTestExecutionListener@3dedc8b8, org.springframework.boot.test.autoconfigure.web.servlet.WebDriverTestExecutionListener@5352bc0e, org.springframework.boot.test.mock.mockito.ResetMocksTestExecutionListener@49b73e6c]

  .   ____          _            __ _ _
 /\\ / ___'_ __ _ _(_)_ __  __ _ \ \ \ \
( ( )\___ | '_ | '_| | '_ \/ _` | \ \ \ \
 \\/  ___)| |_)| | | | | || (_| |  ) ) ) )
  '  |____| .__|_| |_|_| |_\__, | / / / /
 =========|_|==============|___/=/_/_/_/
 :: Spring Boot ::        (v2.1.7.RELEASE)

2022-08-12 15:58:19.959  INFO 1004 --- [    Test worker] c.springbootaws.web.IndexControllerTest  : Starting IndexControllerTest on 김진한 with PID 1004 (started by 김 진 한 in C:\Users\pc4\Desktop\JHKim\Programming\SpringBoot-Board)
2022-08-12 15:58:19.961  INFO 1004 --- [    Test worker] c.springbootaws.web.IndexControllerTest  : No active profile set, falling back to default profiles: default
2022-08-12 15:58:20.493  INFO 1004 --- [    Test worker] .s.d.r.c.RepositoryConfigurationDelegate : Bootstrapping Spring Data repositories in DEFAULT mode.
2022-08-12 15:58:20.563  INFO 1004 --- [    Test worker] .s.d.r.c.RepositoryConfigurationDelegate : Finished Spring Data repository scanning in 70ms. Found 2 repository interfaces.
2022-08-12 15:58:20.740  INFO 1004 --- [    Test worker] trationDelegate$BeanPostProcessorChecker : Bean 'org.springframework.transaction.annotation.ProxyTransactionManagementConfiguration' of type [org.springframework.transaction.annotation.ProxyTransactionManagementConfiguration$$EnhancerBySpringCGLIB$$720a763f] is not eligible for getting processed by all BeanPostProcessors (for example: not eligible for auto-proxying)
2022-08-12 15:58:21.221  INFO 1004 --- [    Test worker] o.s.b.w.embedded.tomcat.TomcatWebServer  : Tomcat initialized with port(s): 0 (http)
2022-08-12 15:58:21.279  INFO 1004 --- [    Test worker] o.apache.catalina.core.StandardService   : Starting service [Tomcat]
2022-08-12 15:58:21.280  INFO 1004 --- [    Test worker] org.apache.catalina.core.StandardEngine  : Starting Servlet engine: [Apache Tomcat/9.0.22]
2022-08-12 15:58:21.630  INFO 1004 --- [    Test worker] o.a.c.c.C.[Tomcat].[localhost].[/]       : Initializing Spring embedded WebApplicationContext
2022-08-12 15:58:21.631  INFO 1004 --- [    Test worker] o.s.web.context.ContextLoader            : Root WebApplicationContext: initialization completed in 1661 ms
2022-08-12 15:58:22.005  INFO 1004 --- [    Test worker] com.zaxxer.hikari.HikariDataSource       : HikariPool-2 - Starting...
2022-08-12 15:58:22.007  INFO 1004 --- [    Test worker] com.zaxxer.hikari.HikariDataSource       : HikariPool-2 - Start completed.
2022-08-12 15:58:22.099  INFO 1004 --- [    Test worker] o.hibernate.jpa.internal.util.LogHelper  : HHH000204: Processing PersistenceUnitInfo [
	name: default
	...]
2022-08-12 15:58:22.130  INFO 1004 --- [    Test worker] org.hibernate.dialect.Dialect            : HHH000400: Using dialect: org.hibernate.dialect.MySQL5InnoDBDialect
Hibernate: drop table if exists posts
Hibernate: drop table if exists user
Hibernate: create table posts (id bigint not null auto_increment, created_date datetime, modified_date datetime, author varchar(255), content TEXT not null, title varchar(500) not null, primary key (id)) engine=InnoDB
Hibernate: create table user (id bigint not null auto_increment, email varchar(255) not null, name varchar(255) not null, picture varchar(255), role varchar(255) not null, primary key (id)) engine=InnoDB
2022-08-12 15:58:22.220  INFO 1004 --- [    Test worker] o.h.t.schema.internal.SchemaCreatorImpl  : HHH000476: Executing import script 'org.hibernate.tool.schema.internal.exec.ScriptSourceInputNonExistentImpl@2b3242a5'
2022-08-12 15:58:22.220  INFO 1004 --- [    Test worker] j.LocalContainerEntityManagerFactoryBean : Initialized JPA EntityManagerFactory for persistence unit 'default'
2022-08-12 15:58:22.829  INFO 1004 --- [    Test worker] o.h.h.i.QueryTranslatorFactoryInitiator  : HHH000397: Using ASTQueryTranslatorFactory
2022-08-12 15:58:23.161  INFO 1004 --- [    Test worker] o.s.s.web.DefaultSecurityFilterChain     : Creating filter chain: any request, [org.springframework.security.web.context.request.async.WebAsyncManagerIntegrationFilter@5680f009, org.springframework.security.web.context.SecurityContextPersistenceFilter@2e8417ea, org.springframework.security.web.header.HeaderWriterFilter@2975715, org.springframework.security.web.authentication.logout.LogoutFilter@4b7704ec, org.springframework.security.oauth2.client.web.OAuth2AuthorizationRequestRedirectFilter@67b5da40, org.springframework.security.oauth2.client.web.OAuth2LoginAuthenticationFilter@4ff3af97, org.springframework.security.web.authentication.ui.DefaultLoginPageGeneratingFilter@45c270f9, org.springframework.security.web.authentication.ui.DefaultLogoutPageGeneratingFilter@3a4e6da6, org.springframework.security.web.savedrequest.RequestCacheAwareFilter@5f65a6d7, org.springframework.security.web.servletapi.SecurityContextHolderAwareRequestFilter@67726dd1, org.springframework.security.web.authentication.AnonymousAuthenticationFilter@73e0c775, org.springframework.security.web.session.SessionManagementFilter@47ccbbd5, org.springframework.security.web.access.ExceptionTranslationFilter@4676fcd9, org.springframework.security.web.access.intercept.FilterSecurityInterceptor@2b08f55a]
2022-08-12 15:58:23.526  INFO 1004 --- [    Test worker] o.s.s.concurrent.ThreadPoolTaskExecutor  : Initializing ExecutorService 'applicationTaskExecutor'
2022-08-12 15:58:23.549  WARN 1004 --- [    Test worker] aWebConfiguration$JpaWebMvcConfiguration : spring.jpa.open-in-view is enabled by default. Therefore, database queries may be performed during view rendering. Explicitly configure spring.jpa.open-in-view to disable this warning
2022-08-12 15:58:23.625  INFO 1004 --- [    Test worker] o.s.b.a.w.s.WelcomePageHandlerMapping    : Adding welcome page template: index
2022-08-12 15:58:24.169  INFO 1004 --- [    Test worker] s.a.ScheduledAnnotationBeanPostProcessor : No TaskScheduler/ScheduledExecutorService bean found for scheduled processing
2022-08-12 15:58:24.203  INFO 1004 --- [    Test worker] o.s.b.w.embedded.tomcat.TomcatWebServer  : Tomcat started on port(s): 53362 (http) with context path ''
2022-08-12 15:58:24.205  INFO 1004 --- [    Test worker] c.springbootaws.web.IndexControllerTest  : Started IndexControllerTest in 4.349 seconds (JVM running for 19.395)
2022-08-12 15:58:24.398  INFO 1004 --- [o-auto-1-exec-1] o.a.c.c.C.[Tomcat].[localhost].[/]       : Initializing Spring DispatcherServlet 'dispatcherServlet'
2022-08-12 15:58:24.399  INFO 1004 --- [o-auto-1-exec-1] o.s.web.servlet.DispatcherServlet        : Initializing Servlet 'dispatcherServlet'
2022-08-12 15:58:24.443  INFO 1004 --- [o-auto-1-exec-1] o.s.web.servlet.DispatcherServlet        : Completed initialization in 44 ms
Hibernate: select posts0_.id as id1_0_, posts0_.created_date as created_2_0_, posts0_.modified_date as modified3_0_, posts0_.author as author4_0_, posts0_.content as content5_0_, posts0_.title as title6_0_ from posts posts0_ order by posts0_.id DESC
]]></system-out>
  <system-err><![CDATA[]]></system-err>
</testsuite>
