<?xml version="1.0" encoding="UTF-8"?>
<testsuite name="com.springbootaws_chap02.web.HelloControllerTest" tests="2" skipped="0" failures="0" errors="0" timestamp="2022-08-12T06:58:27" hostname="김진한" time="0.101">
  <properties/>
  <testcase name="helloResponseDtoTestReturn_helloResponseDto" classname="com.springbootaws_chap02.web.HelloControllerTest" time="0.09"/>
  <testcase name="helloTestReturn_hello" classname="com.springbootaws_chap02.web.HelloControllerTest" time="0.011"/>
  <system-out><![CDATA[2022-08-12 15:58:25.005  INFO 1004 --- [    Test worker] .b.t.a.w.s.WebMvcTestContextBootstrapper : Neither @ContextConfiguration nor @ContextHierarchy found for test class [com.springbootaws_chap02.web.HelloControllerTest], using SpringBootContextLoader
2022-08-12 15:58:25.007  INFO 1004 --- [    Test worker] o.s.t.c.support.AbstractContextLoader    : Could not detect default resource locations for test class [com.springbootaws_chap02.web.HelloControllerTest]: no resource found for suffixes {-context.xml, Context.groovy}.
2022-08-12 15:58:25.007  INFO 1004 --- [    Test worker] t.c.s.AnnotationConfigContextLoaderUtils : Could not detect default configuration classes for test class [com.springbootaws_chap02.web.HelloControllerTest]: HelloControllerTest does not declare any static, non-private, non-final, nested classes annotated with @Configuration.
2022-08-12 15:58:25.056  INFO 1004 --- [    Test worker] .b.t.c.SpringBootTestContextBootstrapper : Found @SpringBootConfiguration com.springbootaws_chap02.web.Application for test class com.springbootaws_chap02.web.HelloControllerTest
2022-08-12 15:58:25.056  INFO 1004 --- [    Test worker] .b.t.a.w.s.WebMvcTestContextBootstrapper : Loaded default TestExecutionListener class names from location [META-INF/spring.factories]: [org.springframework.security.test.context.support.WithSecurityContextTestExecutionListener, org.springframework.security.test.context.support.ReactorContextTestExecutionListener, org.springframework.boot.test.autoconfigure.restdocs.RestDocsTestExecutionListener, org.springframework.boot.test.autoconfigure.web.client.MockRestServiceServerResetTestExecutionListener, org.springframework.boot.test.autoconfigure.web.servlet.MockMvcPrintOnlyOnFailureTestExecutionListener, org.springframework.boot.test.autoconfigure.web.servlet.WebDriverTestExecutionListener, org.springframework.boot.test.mock.mockito.MockitoTestExecutionListener, org.springframework.boot.test.mock.mockito.ResetMocksTestExecutionListener, org.springframework.test.context.web.ServletTestExecutionListener, org.springframework.test.context.support.DirtiesContextBeforeModesTestExecutionListener, org.springframework.test.context.support.DependencyInjectionTestExecutionListener, org.springframework.test.context.support.DirtiesContextTestExecutionListener, org.springframework.test.context.transaction.TransactionalTestExecutionListener, org.springframework.test.context.jdbc.SqlScriptsTestExecutionListener]
2022-08-12 15:58:25.058  INFO 1004 --- [    Test worker] .b.t.a.w.s.WebMvcTestContextBootstrapper : Using TestExecutionListeners: [org.springframework.test.context.web.ServletTestExecutionListener@6bc45472, org.springframework.test.context.support.DirtiesContextBeforeModesTestExecutionListener@160b7ccd, org.springframework.boot.test.mock.mockito.MockitoTestExecutionListener@7c27ed2f, org.springframework.boot.test.autoconfigure.SpringBootDependencyInjectionTestExecutionListener@3503e68e, org.springframework.test.context.support.DirtiesContextTestExecutionListener@7c2d4398, org.springframework.test.context.transaction.TransactionalTestExecutionListener@310db5c4, org.springframework.test.context.jdbc.SqlScriptsTestExecutionListener@7280785f, org.springframework.security.test.context.support.WithSecurityContextTestExecutionListener@589dd717, org.springframework.security.test.context.support.ReactorContextTestExecutionListener@4eba6e1f, org.springframework.boot.test.autoconfigure.restdocs.RestDocsTestExecutionListener@12c55199, org.springframework.boot.test.autoconfigure.web.client.MockRestServiceServerResetTestExecutionListener@63f6811e, org.springframework.boot.test.autoconfigure.web.servlet.MockMvcPrintOnlyOnFailureTestExecutionListener@5565d718, org.springframework.boot.test.autoconfigure.web.servlet.WebDriverTestExecutionListener@4832813d, org.springframework.boot.test.mock.mockito.ResetMocksTestExecutionListener@70c3483b]

  .   ____          _            __ _ _
 /\\ / ___'_ __ _ _(_)_ __  __ _ \ \ \ \
( ( )\___ | '_ | '_| | '_ \/ _` | \ \ \ \
 \\/  ___)| |_)| | | | | || (_| |  ) ) ) )
  '  |____| .__|_| |_|_| |_\__, | / / / /
 =========|_|==============|___/=/_/_/_/
 :: Spring Boot ::        (v2.1.7.RELEASE)

2022-08-12 15:58:25.166  INFO 1004 --- [    Test worker] c.s.web.HelloControllerTest              : Starting HelloControllerTest on 김진한 with PID 1004 (started by 김 진 한 in C:\Users\pc4\Desktop\JHKim\Programming\SpringBoot-Board)
2022-08-12 15:58:25.166  INFO 1004 --- [    Test worker] c.s.web.HelloControllerTest              : No active profile set, falling back to default profiles: default
2022-08-12 15:58:25.953  INFO 1004 --- [    Test worker] o.s.s.concurrent.ThreadPoolTaskExecutor  : Initializing ExecutorService 'applicationTaskExecutor'
2022-08-12 15:58:26.008  INFO 1004 --- [    Test worker] o.s.b.a.w.s.WelcomePageHandlerMapping    : Adding welcome page template: index
2022-08-12 15:58:26.528  INFO 1004 --- [    Test worker] .s.s.UserDetailsServiceAutoConfiguration : 

Using generated security password: be00de97-aaa1-4df7-8dd4-df1ce3366e61

2022-08-12 15:58:26.896  INFO 1004 --- [    Test worker] o.s.s.web.DefaultSecurityFilterChain     : Creating filter chain: any request, [org.springframework.security.web.context.request.async.WebAsyncManagerIntegrationFilter@6c07666f, org.springframework.security.web.context.SecurityContextPersistenceFilter@3d28c0af, org.springframework.security.web.header.HeaderWriterFilter@529a2d6f, org.springframework.security.web.csrf.CsrfFilter@1cb09347, org.springframework.security.web.authentication.logout.LogoutFilter@75edfe9a, org.springframework.security.web.authentication.UsernamePasswordAuthenticationFilter@5fe5f2f0, org.springframework.security.web.authentication.ui.DefaultLoginPageGeneratingFilter@64230d44, org.springframework.security.web.authentication.ui.DefaultLogoutPageGeneratingFilter@349e166, org.springframework.security.web.authentication.www.BasicAuthenticationFilter@35c646b5, org.springframework.security.web.savedrequest.RequestCacheAwareFilter@684001e6, org.springframework.security.web.servletapi.SecurityContextHolderAwareRequestFilter@6bb2b8d4, org.springframework.security.web.authentication.AnonymousAuthenticationFilter@4bdec54, org.springframework.security.web.session.SessionManagementFilter@4a28b6d0, org.springframework.security.web.access.ExceptionTranslationFilter@7ba5d307, org.springframework.security.web.access.intercept.FilterSecurityInterceptor@7138e064]
2022-08-12 15:58:26.926  INFO 1004 --- [    Test worker] o.s.b.t.m.w.SpringBootMockServletContext : Initializing Spring TestDispatcherServlet ''
2022-08-12 15:58:26.926  INFO 1004 --- [    Test worker] o.s.t.web.servlet.TestDispatcherServlet  : Initializing Servlet ''
2022-08-12 15:58:26.928  INFO 1004 --- [    Test worker] o.s.t.web.servlet.TestDispatcherServlet  : Completed initialization in 2 ms
2022-08-12 15:58:26.999  INFO 1004 --- [    Test worker] c.s.web.HelloControllerTest              : Started HelloControllerTest in 1.927 seconds (JVM running for 22.189)
]]></system-out>
  <system-err><![CDATA[]]></system-err>
</testsuite>
